<?xml version="1.0" encoding="UTF-8"?>
<testsuite name="array.SortAlgorithmTest" tests="1" skipped="0" failures="0" errors="0" timestamp="2022-04-30T14:09:03" hostname="MacBook-Pro.local" time="0.021">
  <properties/>
  <testcase name="mergeSort()" classname="array.SortAlgorithmTest" time="0.021"/>
  <system-out><![CDATA[before merge 0 0 1, array is: [2, 3, 1, 5, 4]
after merge 0 0 1, array is: [2, 3, 1, 5, 4]
before merge 0 1 2, array is: [2, 3, 1, 5, 4]
after merge 0 1 2, array is: [2, 3, 1, 5, 4]
before merge 3 3 4, array is: [2, 3, 1, 5, 4]
after merge 3 3 4, array is: [2, 3, 1, 5, 4]
before merge 0 2 4, array is: [2, 3, 1, 5, 4]
after merge 0 2 4, array is: [2, 3, 5, 5, 4]
after sort, array is: [2, 3, 5, 5, 4]
]]></system-out>
  <system-err><![CDATA[]]></system-err>
</testsuite>
